[debug] [2021-01-16T07:32:26.610Z] ----------------------------------------------------------------------
[debug] [2021-01-16T07:32:26.613Z] Command:       /home/verner/.nvm/versions/node/v12.13.1/bin/node /home/verner/.nvm/versions/node/v12.13.1/bin/firebase login
[debug] [2021-01-16T07:32:26.613Z] CLI Version:   9.2.1
[debug] [2021-01-16T07:32:26.614Z] Platform:      linux
[debug] [2021-01-16T07:32:26.614Z] Node Version:  v12.13.1
[debug] [2021-01-16T07:32:26.615Z] Time:          Sat Jan 16 2021 04:32:26 GMT-0300 (Chile Summer Time)
[debug] [2021-01-16T07:32:26.615Z] ----------------------------------------------------------------------
[debug] [2021-01-16T07:32:26.616Z] 
[debug] [2021-01-16T07:32:26.620Z] >>> [apiv2][query] GET https://firebase-public.firebaseio.com/cli.json [none]
[info] i  Firebase optionally collects CLI usage and error reporting information to help improve our products. Data is collected in accordance with Google's privacy policy (https://policies.google.com/privacy) and is not used to identify you.
 
[info] i  To change your data collection preference at any time, run `firebase logout` and log in again. 
[info] 
[info] Visit this URL on this device to log in:
[info] https://accounts.google.com/o/oauth2/auth?client_id=563584335869-fgrhgmd47bqnekij5i8b5pr03ho849e6.apps.googleusercontent.com&scope=email%20openid%20https%3A%2F%2Fwww.googleapis.com%2Fauth%2Fcloudplatformprojects.readonly%20https%3A%2F%2Fwww.googleapis.com%2Fauth%2Ffirebase%20https%3A%2F%2Fwww.googleapis.com%2Fauth%2Fcloud-platform&response_type=code&state=868500565&redirect_uri=http%3A%2F%2Flocalhost%3A9005
[info] 
[info] Waiting for authentication...
[debug] [2021-01-16T07:32:36.725Z] >>> HTTP REQUEST POST https://accounts.google.com/o/oauth2/token  
 {"code":"4/0AY0e-g53XMT4B1ZGkJvIpHCRyCzPRggTd8N_JkKTf_Pq37Uh_4hblq9gUgX2R8aIgc0MoQ","client_id":"563584335869-fgrhgmd47bqnekij5i8b5pr03ho849e6.apps.googleusercontent.com","client_secret":"j9iVZfS8kkCEFUPaAeJV0sAi","redirect_uri":"http://localhost:9005","grant_type":"authorization_code"}
[debug] [2021-01-16T07:34:20.319Z] ----------------------------------------------------------------------
[debug] [2021-01-16T07:34:20.320Z] Command:       /home/verner/.nvm/versions/node/v12.13.1/bin/node /home/verner/.nvm/versions/node/v12.13.1/bin/firebase login
[debug] [2021-01-16T07:34:20.320Z] CLI Version:   9.2.1
[debug] [2021-01-16T07:34:20.320Z] Platform:      linux
[debug] [2021-01-16T07:34:20.320Z] Node Version:  v12.13.1
[debug] [2021-01-16T07:34:20.321Z] Time:          Sat Jan 16 2021 04:34:20 GMT-0300 (Chile Summer Time)
[debug] [2021-01-16T07:34:20.321Z] ----------------------------------------------------------------------
[debug] [2021-01-16T07:34:20.321Z] 
[debug] [2021-01-16T07:34:20.322Z] >>> [apiv2][query] GET https://firebase-public.firebaseio.com/cli.json [none]
[info] i  Firebase optionally collects CLI usage and error reporting information to help improve our products. Data is collected in accordance with Google's privacy policy (https://policies.google.com/privacy) and is not used to identify you.
 
[info] i  To change your data collection preference at any time, run `firebase logout` and log in again. 
[info] 
[info] Visit this URL on this device to log in:
[info] https://accounts.google.com/o/oauth2/auth?client_id=563584335869-fgrhgmd47bqnekij5i8b5pr03ho849e6.apps.googleusercontent.com&scope=email%20openid%20https%3A%2F%2Fwww.googleapis.com%2Fauth%2Fcloudplatformprojects.readonly%20https%3A%2F%2Fwww.googleapis.com%2Fauth%2Ffirebase%20https%3A%2F%2Fwww.googleapis.com%2Fauth%2Fcloud-platform&response_type=code&state=862119939&redirect_uri=http%3A%2F%2Flocalhost%3A9005
[info] 
[info] Waiting for authentication...
[debug] [2021-01-16T07:34:28.411Z] >>> HTTP REQUEST POST https://accounts.google.com/o/oauth2/token  
 {"code":"4/0AY0e-g53rQx7Pve5AFiOPhpeXQkCqYKT2M5oY8oxEoWyZth8Z60I2nVX-wmiYQHtLhlTTQ","client_id":"563584335869-fgrhgmd47bqnekij5i8b5pr03ho849e6.apps.googleusercontent.com","client_secret":"j9iVZfS8kkCEFUPaAeJV0sAi","redirect_uri":"http://localhost:9005","grant_type":"authorization_code"}
